<?xml version="1.0" encoding="UTF-8"?>
<!-- Generated by org.testng.reporters.JUnitReportReporter -->
<testsuite skipped="0" hostname="VAIBHAV-PC" name="BigBinary.Tests.Sign" tests="1" failures="0" timestamp="02 Nov 2019 14:01:29 GMT" time="18.757" errors="0">
  <testcase name="application_signup" time="18.757" classname="BigBinary.Tests.Sign"/>
</testsuite> <!-- BigBinary.Tests.Sign -->
